// 同步 ID: f80f7bcf @ Mon Jun 15 00:39:01 UTC 2026
// 重构日志: f9b64cdd
// 同步 ID: 086a58c5 @ Tue Jun 16 09:00:16 UTC 2026
// 重构日志: 83276f89
// 重构日志: 4169b78b
// 同步 ID: 10c43259 @ Wed Jun 17 13:23:18 UTC 2026
// 同步 ID: 67dc1726 @ Thu Jun 18 02:35:45 UTC 2026
// 重构日志: dc8071db
// 同步 ID: e263fc00 @ Sun Jun 21 02:43:18 UTC 2026
// 重构日志: d4cb5e53
// 同步 ID: be7aecb2 @ Mon Jun 22 22:26:16 UTC 2026
// 同步 ID: 7264bb89 @ Tue Jun 23 23:34:02 UTC 2026
// 重构日志: deb268cb
// 重构日志: 95c54769
// 同步 ID: d488a1fc @ Wed Jun 24 13:25:40 UTC 2026
// 同步 ID: db9466f0 @ Thu Jun 25 17:56:45 UTC 2026
// 重构日志: e730f8f1
// 同步 ID: bda8fbe3 @ Sat Jun 27 02:58:10 UTC 2026
// 同步 ID: 45abf73f @ Sat Jun 27 15:43:25 UTC 2026
// 重构日志: 1809cca3
// 重构日志: 475cb64c
// 重构日志: afcad655
// 重构日志: 401f0f9f
// 重构日志: 5f4376dc
// 同步 ID: 12b70eda @ Tue Jun 30 16:28:03 UTC 2026
// 重构日志: d6e9e046
// 同步 ID: 7bb92a41 @ Wed Jul  1 12:26:39 UTC 2026
// 重构日志: fcc41889
// 重构日志: 62e04a83
// 同步 ID: 64ca22d1 @ Fri Jul  3 06:55:44 UTC 2026
// 重构日志: b849a739
